<?xml version="1.0" encoding="UTF-8"?>
<!-- Generated by org.testng.reporters.JUnitReportReporter -->
<testsuite hostname="LAPTOP-THHT2UM9" failures="0" tests="1" name="com.authentication.Auth2" time="4.986" errors="0" timestamp="2022-02-11T17:46:23 IST" skipped="0">
  <testcase classname="com.authentication.Auth2" name="auths" time="4.986"/>
  <system-out/>
</testsuite> <!-- com.authentication.Auth2 -->
