<?xml version="1.0" encoding="UTF-8"?>
<!-- Generated by org.testng.reporters.JUnitReportReporter -->
<testsuite hostname="LAPTOP-THHT2UM9" failures="0" tests="1" name="waysToPostRequest.CreateAResourcesUsingHashMap" time="3.169" errors="0" timestamp="2022-02-11T00:22:16 IST" skipped="0">
  <testcase classname="waysToPostRequest.CreateAResourcesUsingHashMap" name="created" time="3.169"/>
  <system-out/>
</testsuite> <!-- waysToPostRequest.CreateAResourcesUsingHashMap -->
