<?xml version="1.0" encoding="UTF-8"?>
<!-- Generated by org.testng.reporters.JUnitReportReporter -->
<testsuite hostname="LAPTOP-THHT2UM9" failures="0" tests="1" name="com.pratice.CompleatedProject" time="2.963" errors="0" timestamp="2022-02-12T09:31:43 IST" skipped="0">
  <testcase classname="com.pratice.CompleatedProject" name="compleated" time="2.963"/>
  <system-out/>
</testsuite> <!-- com.pratice.CompleatedProject -->
