<?xml version="1.0" encoding="UTF-8"?>
<!-- Generated by org.testng.reporters.JUnitReportReporter -->
<testsuite hostname="LAPTOP-THHT2UM9" failures="0" tests="1" name="waysToPostRequest.CreateWResourcesPojo" time="3.004" errors="0" timestamp="2022-02-11T08:17:17 IST" skipped="0">
  <testcase classname="waysToPostRequest.CreateWResourcesPojo" name="create" time="3.004"/>
  <system-out/>
</testsuite> <!-- waysToPostRequest.CreateWResourcesPojo -->
