<?xml version="1.0" encoding="UTF-8"?>
<!-- Generated by org.testng.reporters.JUnitReportReporter -->
<testsuite hostname="LAPTOP-THHT2UM9" failures="0" tests="1" name="praticeCURDWithBDD.UpdateTest" time="2.974" errors="0" timestamp="2022-02-12T09:30:47 IST" skipped="0">
  <testcase classname="praticeCURDWithBDD.UpdateTest" name="update" time="2.974"/>
  <system-out/>
</testsuite> <!-- praticeCURDWithBDD.UpdateTest -->
