<?xml version="1.0" encoding="UTF-8"?>
<!-- Generated by org.testng.reporters.JUnitReportReporter -->
<testsuite hostname="LAPTOP-THHT2UM9" failures="0" tests="1" name="parametersAndAuthentication.ParametersTest" time="4.541" errors="0" timestamp="2022-02-11T12:58:23 IST" skipped="0">
  <testcase classname="parametersAndAuthentication.ParametersTest" name="params" time="4.541"/>
  <system-out/>
</testsuite> <!-- parametersAndAuthentication.ParametersTest -->
