<?xml version="1.0" encoding="UTF-8"?>
<!-- Generated by org.testng.reporters.JUnitReportReporter -->
<testsuite hostname="LAPTOP-THHT2UM9" failures="0" tests="1" name="parametersAndAuthentication.pathParametersTest" time="2.509" errors="0" timestamp="2022-02-11T13:13:20 IST" skipped="0">
  <testcase classname="parametersAndAuthentication.pathParametersTest" name="param" time="2.509"/>
  <system-out/>
</testsuite> <!-- parametersAndAuthentication.pathParametersTest -->
