<?xml version="1.0" encoding="UTF-8"?>
<!-- Generated by org.testng.reporters.JUnitReportReporter -->
<testsuite hostname="LAPTOP-THHT2UM9" failures="0" tests="1" name="praticeCURDWithBDD.CreateProject" time="1.616" errors="0" timestamp="2022-02-10T12:35:38 IST" skipped="0">
  <testcase classname="praticeCURDWithBDD.CreateProject" name="createProject" time="1.616"/>
  <system-out/>
</testsuite> <!-- praticeCURDWithBDD.CreateProject -->
