<?xml version="1.0" encoding="UTF-8"?>
<!-- Generated by org.testng.reporters.JUnitReportReporter -->
<testsuite hostname="LAPTOP-THHT2UM9" failures="0" tests="1" name="waysToPostRequest.CreatingAResourceUsingJSONObject" time="3.003" errors="0" timestamp="2022-02-11T08:00:56 IST" skipped="0">
  <testcase classname="waysToPostRequest.CreatingAResourceUsingJSONObject" name="create" time="3.003"/>
  <system-out/>
</testsuite> <!-- waysToPostRequest.CreatingAResourceUsingJSONObject -->
