<?xml version="1.0" encoding="UTF-8"?>
<!-- Generated by org.testng.reporters.JUnitReportReporter -->
<testsuite hostname="LAPTOP-THHT2UM9" failures="0" tests="1" name="parametersAndAuthentication.QueryParameterTest" time="3.840" errors="0" timestamp="2022-02-11T13:14:46 IST" skipped="0">
  <testcase classname="parametersAndAuthentication.QueryParameterTest" name="param" time="3.840"/>
  <system-out/>
</testsuite> <!-- parametersAndAuthentication.QueryParameterTest -->
