<?xml version="1.0" encoding="UTF-8"?>
<!-- Generated by org.testng.reporters.JUnitReportReporter -->
<testsuite hostname="LAPTOP-THHT2UM9" failures="0" tests="1" name="com.authentication.BarrerTokenTest" time="4.271" errors="0" timestamp="2022-02-11T17:13:56 IST" skipped="0">
  <testcase classname="com.authentication.BarrerTokenTest" name="barerAuth" time="4.271"/>
  <system-out/>
</testsuite> <!-- com.authentication.BarrerTokenTest -->
