<?xml version="1.0" encoding="UTF-8"?>
<!-- Generated by org.testng.reporters.JUnitReportReporter -->
<testsuite hostname="LAPTOP-THHT2UM9" failures="0" tests="1" name="waysToPostRequest.CreatedAResourcesUsingJsonFile" time="2.709" errors="0" timestamp="2022-02-11T07:45:36 IST" skipped="0">
  <testcase classname="waysToPostRequest.CreatedAResourcesUsingJsonFile" name="created" time="2.709"/>
  <system-out/>
</testsuite> <!-- waysToPostRequest.CreatedAResourcesUsingJsonFile -->
