<?xml version="1.0" encoding="UTF-8"?>
<!-- Generated by org.testng.reporters.JUnitReportReporter -->
<testsuite hostname="LAPTOP-THHT2UM9" failures="0" tests="1" name="praticeWithoutBDD.GetAllProjects" time="1.341" errors="0" timestamp="2022-02-10T11:03:40 IST" skipped="0">
  <testcase classname="praticeWithoutBDD.GetAllProjects" name="getAllProjects" time="1.341"/>
  <system-out/>
</testsuite> <!-- praticeWithoutBDD.GetAllProjects -->
