<?xml version="1.0" encoding="UTF-8"?>
<!-- Generated by org.testng.reporters.JUnitReportReporter -->
<testsuite hostname="LAPTOP-THHT2UM9" failures="0" tests="1" name="responseValidation.StaticResponseValidation" time="3.292" errors="0" timestamp="2022-02-13T19:58:05 IST" skipped="0">
  <testcase classname="responseValidation.StaticResponseValidation" name="verify" time="3.292"/>
  <system-out/>
</testsuite> <!-- responseValidation.StaticResponseValidation -->
