<?xml version="1.0" encoding="UTF-8"?>
<!-- Generated by org.testng.reporters.JUnitReportReporter -->
<testsuite hostname="LAPTOP-THHT2UM9" failures="0" tests="1" name="praticeCURDWithBDD.GetAllResources" time="1.295" errors="0" timestamp="2022-02-10T12:19:33 IST" skipped="0">
  <testcase classname="praticeCURDWithBDD.GetAllResources" name="getResource" time="1.295"/>
  <system-out/>
</testsuite> <!-- praticeCURDWithBDD.GetAllResources -->
