<?xml version="1.0" encoding="UTF-8"?>
<!-- Generated by org.testng.reporters.JUnitReportReporter -->
<testsuite hostname="LAPTOP-THHT2UM9" failures="0" tests="1" name="praticeWithoutBDD.UpdateProject" time="3.013" errors="0" timestamp="2022-02-10T10:36:09 IST" skipped="0">
  <testcase classname="praticeWithoutBDD.UpdateProject" name="updateProject" time="3.013"/>
  <system-out/>
</testsuite> <!-- praticeWithoutBDD.UpdateProject -->
