<?xml version="1.0" encoding="UTF-8"?>
<!-- Generated by org.testng.reporters.JUnitReportReporter -->
<testsuite hostname="LAPTOP-THHT2UM9" failures="0" tests="1" name="parametersAndAuthentication.QuaryParametertest" time="4.306" errors="0" timestamp="2022-02-11T12:37:08 IST" skipped="0">
  <testcase classname="parametersAndAuthentication.QuaryParametertest" name="params" time="4.306"/>
  <system-out/>
</testsuite> <!-- parametersAndAuthentication.QuaryParametertest -->
