<?xml version="1.0" encoding="UTF-8"?>
<!-- Generated by org.testng.reporters.JUnitReportReporter -->
<testsuite hostname="LAPTOP-THHT2UM9" failures="0" tests="1" name="com.authentication.BasicAuthTest" time="2.738" errors="0" timestamp="2022-02-11T17:00:27 IST" skipped="0">
  <testcase classname="com.authentication.BasicAuthTest" name="basicAuth" time="2.738"/>
  <system-out/>
</testsuite> <!-- com.authentication.BasicAuthTest -->
