<?xml version="1.0" encoding="UTF-8"?>
<!-- Generated by org.testng.reporters.JUnitReportReporter -->
<testsuite hostname="LAPTOP-THHT2UM9" failures="0" tests="1" name="praticeWithoutBDD.CreateProject" time="3.016" errors="0" timestamp="2022-02-10T00:04:00 IST" skipped="0">
  <testcase classname="praticeWithoutBDD.CreateProject" name="createProject" time="3.016"/>
  <system-out/>
</testsuite> <!-- praticeWithoutBDD.CreateProject -->
