<?xml version="1.0" encoding="UTF-8"?>
<!-- Generated by org.testng.reporters.JUnitReportReporter -->
<testsuite hostname="LAPTOP-THHT2UM9" failures="0" tests="1" name="com.pratice.OngoingProject" time="3.147" errors="0" timestamp="2022-02-12T09:28:31 IST" skipped="0">
  <testcase classname="com.pratice.OngoingProject" name="onGoingProject" time="3.147"/>
  <system-out/>
</testsuite> <!-- com.pratice.OngoingProject -->
