<?xml version="1.0" encoding="UTF-8"?>
<!-- Generated by org.testng.reporters.JUnitReportReporter -->
<testsuite hostname="LAPTOP-THHT2UM9" failures="0" tests="1" name="responseValidation.DynamicResponseValidationTest" time="3.313" errors="0" timestamp="2022-02-13T20:01:24 IST" skipped="0">
  <testcase classname="responseValidation.DynamicResponseValidationTest" name="verify" time="3.313"/>
  <system-out/>
</testsuite> <!-- responseValidation.DynamicResponseValidationTest -->
